{"Z:\\StackSense\\src\\engine\\detector.js": {"path":"Z:\\StackSense\\src\\engine\\detector.js","statementMap":{"0":{"start":{"line":3,"column":26},"end":{"line":74,"column":1}},"1":{"start":{"line":77,"column":17},"end":{"line":77,"column":19}},"2":{"start":{"line":79,"column":2},"end":{"line":87,"column":3}},"3":{"start":{"line":80,"column":4},"end":{"line":80,"column":25}},"4":{"start":{"line":82,"column":4},"end":{"line":86,"column":5}},"5":{"start":{"line":83,"column":6},"end":{"line":85,"column":7}},"6":{"start":{"line":84,"column":8},"end":{"line":84,"column":27}},"7":{"start":{"line":90,"column":19},"end":{"line":92,"column":40}},"8":{"start":{"line":91,"column":20},"end":{"line":91,"column":31}},"9":{"start":{"line":92,"column":27},"end":{"line":92,"column":36}},"10":{"start":{"line":95,"column":2},"end":{"line":95,"column":34}},"11":{"start":{"line":95,"column":17},"end":{"line":95,"column":34}},"12":{"start":{"line":97,"column":2},"end":{"line":97,"column":21}},"13":{"start":{"line":100,"column":0},"end":{"line":100,"column":36}}},"fnMap":{"0":{"name":"detectLanguage","decl":{"start":{"line":76,"column":9},"end":{"line":76,"column":23}},"loc":{"start":{"line":76,"column":35},"end":{"line":98,"column":1}},"line":76},"1":{"name":"(anonymous_1)","decl":{"start":{"line":91,"column":10},"end":{"line":91,"column":11}},"loc":{"start":{"line":91,"column":20},"end":{"line":91,"column":31}},"line":91},"2":{"name":"(anonymous_2)","decl":{"start":{"line":92,"column":12},"end":{"line":92,"column":13}},"loc":{"start":{"line":92,"column":27},"end":{"line":92,"column":36}},"line":92}},"branchMap":{"0":{"loc":{"start":{"line":83,"column":6},"end":{"line":85,"column":7}},"type":"if","locations":[{"start":{"line":83,"column":6},"end":{"line":85,"column":7}},{"start":{},"end":{}}],"line":83},"1":{"loc":{"start":{"line":95,"column":2},"end":{"line":95,"column":34}},"type":"if","locations":[{"start":{"line":95,"column":2},"end":{"line":95,"column":34}},{"start":{},"end":{}}],"line":95}},"s":{"0":1,"1":5,"2":5,"3":25,"4":25,"5":225,"6":10,"7":5,"8":30,"9":25,"10":5,"11":1,"12":4,"13":1},"f":{"0":5,"1":30,"2":25},"b":{"0":[10,215],"1":[1,4]},"_coverageSchema":"1a1c01bbd47fc00a2c39e90264f33305004495a9","hash":"62049be622647dc3612f40975c856394a7f6afcc"}
,"Z:\\StackSense\\src\\engine\\patterns\\git.js": {"path":"Z:\\StackSense\\src\\engine\\patterns\\git.js","statementMap":{"0":{"start":{"line":3,"column":21},"end":{"line":60,"column":1}},"1":{"start":{"line":6,"column":16},"end":{"line":6,"column":53}},"2":{"start":{"line":7,"column":17},"end":{"line":7,"column":36}},"3":{"start":{"line":8,"column":15},"end":{"line":8,"column":63}},"4":{"start":{"line":9,"column":15},"end":{"line":9,"column":75}},"5":{"start":{"line":14,"column":17},"end":{"line":14,"column":51}},"6":{"start":{"line":15,"column":18},"end":{"line":15,"column":27}},"7":{"start":{"line":16,"column":15},"end":{"line":16,"column":75}},"8":{"start":{"line":17,"column":16},"end":{"line":17,"column":117}},"9":{"start":{"line":22,"column":16},"end":{"line":22,"column":86}},"10":{"start":{"line":23,"column":17},"end":{"line":23,"column":39}},"11":{"start":{"line":24,"column":15},"end":{"line":24,"column":78}},"12":{"start":{"line":25,"column":15},"end":{"line":25,"column":70}},"13":{"start":{"line":30,"column":17},"end":{"line":30,"column":68}},"14":{"start":{"line":31,"column":17},"end":{"line":31,"column":29}},"15":{"start":{"line":32,"column":15},"end":{"line":32,"column":82}},"16":{"start":{"line":33,"column":15},"end":{"line":33,"column":30}},"17":{"start":{"line":38,"column":16},"end":{"line":38,"column":43}},"18":{"start":{"line":39,"column":17},"end":{"line":39,"column":38}},"19":{"start":{"line":40,"column":15},"end":{"line":40,"column":66}},"20":{"start":{"line":41,"column":15},"end":{"line":41,"column":117}},"21":{"start":{"line":46,"column":17},"end":{"line":46,"column":43}},"22":{"start":{"line":47,"column":17},"end":{"line":47,"column":27}},"23":{"start":{"line":48,"column":15},"end":{"line":48,"column":76}},"24":{"start":{"line":49,"column":15},"end":{"line":49,"column":69}},"25":{"start":{"line":54,"column":17},"end":{"line":54,"column":58}},"26":{"start":{"line":55,"column":17},"end":{"line":55,"column":41}},"27":{"start":{"line":56,"column":16},"end":{"line":56,"column":82}},"28":{"start":{"line":57,"column":16},"end":{"line":57,"column":90}},"29":{"start":{"line":63,"column":2},"end":{"line":75,"column":3}},"30":{"start":{"line":64,"column":18},"end":{"line":64,"column":48}},"31":{"start":{"line":65,"column":4},"end":{"line":74,"column":5}},"32":{"start":{"line":66,"column":6},"end":{"line":73,"column":8}},"33":{"start":{"line":76,"column":2},"end":{"line":76,"column":14}},"34":{"start":{"line":79,"column":0},"end":{"line":79,"column":30}}},"fnMap":{"0":{"name":"(anonymous_0)","decl":{"start":{"line":6,"column":10},"end":{"line":6,"column":11}},"loc":{"start":{"line":6,"column":16},"end":{"line":6,"column":53}},"line":6},"1":{"name":"(anonymous_1)","decl":{"start":{"line":7,"column":11},"end":{"line":7,"column":12}},"loc":{"start":{"line":7,"column":17},"end":{"line":7,"column":36}},"line":7},"2":{"name":"(anonymous_2)","decl":{"start":{"line":8,"column":9},"end":{"line":8,"column":10}},"loc":{"start":{"line":8,"column":15},"end":{"line":8,"column":63}},"line":8},"3":{"name":"(anonymous_3)","decl":{"start":{"line":9,"column":9},"end":{"line":9,"column":10}},"loc":{"start":{"line":9,"column":15},"end":{"line":9,"column":75}},"line":9},"4":{"name":"(anonymous_4)","decl":{"start":{"line":14,"column":10},"end":{"line":14,"column":11}},"loc":{"start":{"line":14,"column":17},"end":{"line":14,"column":51}},"line":14},"5":{"name":"(anonymous_5)","decl":{"start":{"line":15,"column":11},"end":{"line":15,"column":12}},"loc":{"start":{"line":15,"column":18},"end":{"line":15,"column":27}},"line":15},"6":{"name":"(anonymous_6)","decl":{"start":{"line":16,"column":9},"end":{"line":16,"column":10}},"loc":{"start":{"line":16,"column":15},"end":{"line":16,"column":75}},"line":16},"7":{"name":"(anonymous_7)","decl":{"start":{"line":17,"column":9},"end":{"line":17,"column":10}},"loc":{"start":{"line":17,"column":16},"end":{"line":17,"column":117}},"line":17},"8":{"name":"(anonymous_8)","decl":{"start":{"line":22,"column":10},"end":{"line":22,"column":11}},"loc":{"start":{"line":22,"column":16},"end":{"line":22,"column":86}},"line":22},"9":{"name":"(anonymous_9)","decl":{"start":{"line":23,"column":11},"end":{"line":23,"column":12}},"loc":{"start":{"line":23,"column":17},"end":{"line":23,"column":39}},"line":23},"10":{"name":"(anonymous_10)","decl":{"start":{"line":24,"column":9},"end":{"line":24,"column":10}},"loc":{"start":{"line":24,"column":15},"end":{"line":24,"column":78}},"line":24},"11":{"name":"(anonymous_11)","decl":{"start":{"line":25,"column":9},"end":{"line":25,"column":10}},"loc":{"start":{"line":25,"column":15},"end":{"line":25,"column":70}},"line":25},"12":{"name":"(anonymous_12)","decl":{"start":{"line":30,"column":10},"end":{"line":30,"column":11}},"loc":{"start":{"line":30,"column":17},"end":{"line":30,"column":68}},"line":30},"13":{"name":"(anonymous_13)","decl":{"start":{"line":31,"column":11},"end":{"line":31,"column":12}},"loc":{"start":{"line":31,"column":17},"end":{"line":31,"column":29}},"line":31},"14":{"name":"(anonymous_14)","decl":{"start":{"line":32,"column":9},"end":{"line":32,"column":10}},"loc":{"start":{"line":32,"column":15},"end":{"line":32,"column":82}},"line":32},"15":{"name":"(anonymous_15)","decl":{"start":{"line":33,"column":9},"end":{"line":33,"column":10}},"loc":{"start":{"line":33,"column":15},"end":{"line":33,"column":30}},"line":33},"16":{"name":"(anonymous_16)","decl":{"start":{"line":38,"column":10},"end":{"line":38,"column":11}},"loc":{"start":{"line":38,"column":16},"end":{"line":38,"column":43}},"line":38},"17":{"name":"(anonymous_17)","decl":{"start":{"line":39,"column":11},"end":{"line":39,"column":12}},"loc":{"start":{"line":39,"column":17},"end":{"line":39,"column":38}},"line":39},"18":{"name":"(anonymous_18)","decl":{"start":{"line":40,"column":9},"end":{"line":40,"column":10}},"loc":{"start":{"line":40,"column":15},"end":{"line":40,"column":66}},"line":40},"19":{"name":"(anonymous_19)","decl":{"start":{"line":41,"column":9},"end":{"line":41,"column":10}},"loc":{"start":{"line":41,"column":15},"end":{"line":41,"column":117}},"line":41},"20":{"name":"(anonymous_20)","decl":{"start":{"line":46,"column":10},"end":{"line":46,"column":11}},"loc":{"start":{"line":46,"column":17},"end":{"line":46,"column":43}},"line":46},"21":{"name":"(anonymous_21)","decl":{"start":{"line":47,"column":11},"end":{"line":47,"column":12}},"loc":{"start":{"line":47,"column":17},"end":{"line":47,"column":27}},"line":47},"22":{"name":"(anonymous_22)","decl":{"start":{"line":48,"column":9},"end":{"line":48,"column":10}},"loc":{"start":{"line":48,"column":15},"end":{"line":48,"column":76}},"line":48},"23":{"name":"(anonymous_23)","decl":{"start":{"line":49,"column":9},"end":{"line":49,"column":10}},"loc":{"start":{"line":49,"column":15},"end":{"line":49,"column":69}},"line":49},"24":{"name":"(anonymous_24)","decl":{"start":{"line":54,"column":10},"end":{"line":54,"column":11}},"loc":{"start":{"line":54,"column":17},"end":{"line":54,"column":58}},"line":54},"25":{"name":"(anonymous_25)","decl":{"start":{"line":55,"column":11},"end":{"line":55,"column":12}},"loc":{"start":{"line":55,"column":17},"end":{"line":55,"column":41}},"line":55},"26":{"name":"(anonymous_26)","decl":{"start":{"line":56,"column":9},"end":{"line":56,"column":10}},"loc":{"start":{"line":56,"column":16},"end":{"line":56,"column":82}},"line":56},"27":{"name":"(anonymous_27)","decl":{"start":{"line":57,"column":9},"end":{"line":57,"column":10}},"loc":{"start":{"line":57,"column":16},"end":{"line":57,"column":90}},"line":57},"28":{"name":"matchGit","decl":{"start":{"line":62,"column":9},"end":{"line":62,"column":17}},"loc":{"start":{"line":62,"column":29},"end":{"line":77,"column":1}},"line":62}},"branchMap":{"0":{"loc":{"start":{"line":65,"column":4},"end":{"line":74,"column":5}},"type":"if","locations":[{"start":{"line":65,"column":4},"end":{"line":74,"column":5}},{"start":{},"end":{}}],"line":65}},"s":{"0":1,"1":1,"2":1,"3":1,"4":1,"5":1,"6":1,"7":1,"8":1,"9":0,"10":0,"11":0,"12":0,"13":0,"14":0,"15":0,"16":0,"17":1,"18":1,"19":1,"20":1,"21":1,"22":1,"23":1,"24":1,"25":0,"26":0,"27":0,"28":0,"29":4,"30":14,"31":14,"32":4,"33":0,"34":1},"f":{"0":1,"1":1,"2":1,"3":1,"4":1,"5":1,"6":1,"7":1,"8":0,"9":0,"10":0,"11":0,"12":0,"13":0,"14":0,"15":0,"16":1,"17":1,"18":1,"19":1,"20":1,"21":1,"22":1,"23":1,"24":0,"25":0,"26":0,"27":0,"28":4},"b":{"0":[4,10]},"_coverageSchema":"1a1c01bbd47fc00a2c39e90264f33305004495a9","hash":"454d8f82e9fc5175ae69966fe144a7977c9ff743"}
,"Z:\\StackSense\\src\\engine\\patterns\\java.js": {"path":"Z:\\StackSense\\src\\engine\\patterns\\java.js","statementMap":{"0":{"start":{"line":3,"column":22},"end":{"line":68,"column":1}},"1":{"start":{"line":6,"column":16},"end":{"line":6,"column":61}},"2":{"start":{"line":7,"column":23},"end":{"line":7,"column":39}},"3":{"start":{"line":8,"column":15},"end":{"line":8,"column":85}},"4":{"start":{"line":9,"column":15},"end":{"line":9,"column":90}},"5":{"start":{"line":14,"column":17},"end":{"line":14,"column":87}},"6":{"start":{"line":15,"column":23},"end":{"line":15,"column":39}},"7":{"start":{"line":16,"column":16},"end":{"line":16,"column":83}},"8":{"start":{"line":17,"column":15},"end":{"line":17,"column":87}},"9":{"start":{"line":22,"column":17},"end":{"line":22,"column":55}},"10":{"start":{"line":23,"column":23},"end":{"line":23,"column":39}},"11":{"start":{"line":24,"column":16},"end":{"line":24,"column":81}},"12":{"start":{"line":25,"column":15},"end":{"line":25,"column":92}},"13":{"start":{"line":30,"column":17},"end":{"line":30,"column":55}},"14":{"start":{"line":31,"column":23},"end":{"line":31,"column":39}},"15":{"start":{"line":32,"column":16},"end":{"line":32,"column":56}},"16":{"start":{"line":33,"column":15},"end":{"line":33,"column":82}},"17":{"start":{"line":38,"column":16},"end":{"line":38,"column":82}},"18":{"start":{"line":39,"column":23},"end":{"line":39,"column":39}},"19":{"start":{"line":40,"column":15},"end":{"line":40,"column":90}},"20":{"start":{"line":41,"column":15},"end":{"line":41,"column":63}},"21":{"start":{"line":46,"column":17},"end":{"line":46,"column":53}},"22":{"start":{"line":47,"column":23},"end":{"line":47,"column":39}},"23":{"start":{"line":48,"column":16},"end":{"line":48,"column":81}},"24":{"start":{"line":49,"column":15},"end":{"line":49,"column":64}},"25":{"start":{"line":54,"column":16},"end":{"line":54,"column":40}},"26":{"start":{"line":55,"column":17},"end":{"line":55,"column":22}},"27":{"start":{"line":56,"column":15},"end":{"line":56,"column":79}},"28":{"start":{"line":57,"column":15},"end":{"line":57,"column":93}},"29":{"start":{"line":62,"column":17},"end":{"line":62,"column":48}},"30":{"start":{"line":63,"column":23},"end":{"line":63,"column":39}},"31":{"start":{"line":64,"column":16},"end":{"line":64,"column":61}},"32":{"start":{"line":65,"column":16},"end":{"line":65,"column":69}},"33":{"start":{"line":71,"column":16},"end":{"line":71,"column":54}},"34":{"start":{"line":72,"column":2},"end":{"line":72,"column":56}},"35":{"start":{"line":72,"column":13},"end":{"line":72,"column":56}},"36":{"start":{"line":73,"column":2},"end":{"line":73,"column":39}},"37":{"start":{"line":77,"column":2},"end":{"line":89,"column":3}},"38":{"start":{"line":78,"column":18},"end":{"line":78,"column":48}},"39":{"start":{"line":79,"column":4},"end":{"line":88,"column":5}},"40":{"start":{"line":80,"column":6},"end":{"line":87,"column":8}},"41":{"start":{"line":90,"column":2},"end":{"line":90,"column":14}},"42":{"start":{"line":93,"column":0},"end":{"line":93,"column":31}}},"fnMap":{"0":{"name":"(anonymous_0)","decl":{"start":{"line":6,"column":10},"end":{"line":6,"column":11}},"loc":{"start":{"line":6,"column":16},"end":{"line":6,"column":61}},"line":6},"1":{"name":"(anonymous_1)","decl":{"start":{"line":7,"column":11},"end":{"line":7,"column":12}},"loc":{"start":{"line":7,"column":23},"end":{"line":7,"column":39}},"line":7},"2":{"name":"(anonymous_2)","decl":{"start":{"line":8,"column":9},"end":{"line":8,"column":10}},"loc":{"start":{"line":8,"column":15},"end":{"line":8,"column":85}},"line":8},"3":{"name":"(anonymous_3)","decl":{"start":{"line":9,"column":9},"end":{"line":9,"column":10}},"loc":{"start":{"line":9,"column":15},"end":{"line":9,"column":90}},"line":9},"4":{"name":"(anonymous_4)","decl":{"start":{"line":14,"column":10},"end":{"line":14,"column":11}},"loc":{"start":{"line":14,"column":17},"end":{"line":14,"column":87}},"line":14},"5":{"name":"(anonymous_5)","decl":{"start":{"line":15,"column":11},"end":{"line":15,"column":12}},"loc":{"start":{"line":15,"column":23},"end":{"line":15,"column":39}},"line":15},"6":{"name":"(anonymous_6)","decl":{"start":{"line":16,"column":9},"end":{"line":16,"column":10}},"loc":{"start":{"line":16,"column":16},"end":{"line":16,"column":83}},"line":16},"7":{"name":"(anonymous_7)","decl":{"start":{"line":17,"column":9},"end":{"line":17,"column":10}},"loc":{"start":{"line":17,"column":15},"end":{"line":17,"column":87}},"line":17},"8":{"name":"(anonymous_8)","decl":{"start":{"line":22,"column":10},"end":{"line":22,"column":11}},"loc":{"start":{"line":22,"column":17},"end":{"line":22,"column":55}},"line":22},"9":{"name":"(anonymous_9)","decl":{"start":{"line":23,"column":11},"end":{"line":23,"column":12}},"loc":{"start":{"line":23,"column":23},"end":{"line":23,"column":39}},"line":23},"10":{"name":"(anonymous_10)","decl":{"start":{"line":24,"column":9},"end":{"line":24,"column":10}},"loc":{"start":{"line":24,"column":16},"end":{"line":24,"column":81}},"line":24},"11":{"name":"(anonymous_11)","decl":{"start":{"line":25,"column":9},"end":{"line":25,"column":10}},"loc":{"start":{"line":25,"column":15},"end":{"line":25,"column":92}},"line":25},"12":{"name":"(anonymous_12)","decl":{"start":{"line":30,"column":10},"end":{"line":30,"column":11}},"loc":{"start":{"line":30,"column":17},"end":{"line":30,"column":55}},"line":30},"13":{"name":"(anonymous_13)","decl":{"start":{"line":31,"column":11},"end":{"line":31,"column":12}},"loc":{"start":{"line":31,"column":23},"end":{"line":31,"column":39}},"line":31},"14":{"name":"(anonymous_14)","decl":{"start":{"line":32,"column":9},"end":{"line":32,"column":10}},"loc":{"start":{"line":32,"column":16},"end":{"line":32,"column":56}},"line":32},"15":{"name":"(anonymous_15)","decl":{"start":{"line":33,"column":9},"end":{"line":33,"column":10}},"loc":{"start":{"line":33,"column":15},"end":{"line":33,"column":82}},"line":33},"16":{"name":"(anonymous_16)","decl":{"start":{"line":38,"column":10},"end":{"line":38,"column":11}},"loc":{"start":{"line":38,"column":16},"end":{"line":38,"column":82}},"line":38},"17":{"name":"(anonymous_17)","decl":{"start":{"line":39,"column":11},"end":{"line":39,"column":12}},"loc":{"start":{"line":39,"column":23},"end":{"line":39,"column":39}},"line":39},"18":{"name":"(anonymous_18)","decl":{"start":{"line":40,"column":9},"end":{"line":40,"column":10}},"loc":{"start":{"line":40,"column":15},"end":{"line":40,"column":90}},"line":40},"19":{"name":"(anonymous_19)","decl":{"start":{"line":41,"column":9},"end":{"line":41,"column":10}},"loc":{"start":{"line":41,"column":15},"end":{"line":41,"column":63}},"line":41},"20":{"name":"(anonymous_20)","decl":{"start":{"line":46,"column":10},"end":{"line":46,"column":11}},"loc":{"start":{"line":46,"column":17},"end":{"line":46,"column":53}},"line":46},"21":{"name":"(anonymous_21)","decl":{"start":{"line":47,"column":11},"end":{"line":47,"column":12}},"loc":{"start":{"line":47,"column":23},"end":{"line":47,"column":39}},"line":47},"22":{"name":"(anonymous_22)","decl":{"start":{"line":48,"column":9},"end":{"line":48,"column":10}},"loc":{"start":{"line":48,"column":16},"end":{"line":48,"column":81}},"line":48},"23":{"name":"(anonymous_23)","decl":{"start":{"line":49,"column":9},"end":{"line":49,"column":10}},"loc":{"start":{"line":49,"column":15},"end":{"line":49,"column":64}},"line":49},"24":{"name":"(anonymous_24)","decl":{"start":{"line":54,"column":10},"end":{"line":54,"column":11}},"loc":{"start":{"line":54,"column":16},"end":{"line":54,"column":40}},"line":54},"25":{"name":"(anonymous_25)","decl":{"start":{"line":55,"column":11},"end":{"line":55,"column":12}},"loc":{"start":{"line":55,"column":17},"end":{"line":55,"column":22}},"line":55},"26":{"name":"(anonymous_26)","decl":{"start":{"line":56,"column":9},"end":{"line":56,"column":10}},"loc":{"start":{"line":56,"column":15},"end":{"line":56,"column":79}},"line":56},"27":{"name":"(anonymous_27)","decl":{"start":{"line":57,"column":9},"end":{"line":57,"column":10}},"loc":{"start":{"line":57,"column":15},"end":{"line":57,"column":93}},"line":57},"28":{"name":"(anonymous_28)","decl":{"start":{"line":62,"column":10},"end":{"line":62,"column":11}},"loc":{"start":{"line":62,"column":17},"end":{"line":62,"column":48}},"line":62},"29":{"name":"(anonymous_29)","decl":{"start":{"line":63,"column":11},"end":{"line":63,"column":12}},"loc":{"start":{"line":63,"column":23},"end":{"line":63,"column":39}},"line":63},"30":{"name":"(anonymous_30)","decl":{"start":{"line":64,"column":9},"end":{"line":64,"column":10}},"loc":{"start":{"line":64,"column":16},"end":{"line":64,"column":61}},"line":64},"31":{"name":"(anonymous_31)","decl":{"start":{"line":65,"column":9},"end":{"line":65,"column":10}},"loc":{"start":{"line":65,"column":16},"end":{"line":65,"column":69}},"line":65},"32":{"name":"extractLine","decl":{"start":{"line":70,"column":9},"end":{"line":70,"column":20}},"loc":{"start":{"line":70,"column":26},"end":{"line":74,"column":1}},"line":70},"33":{"name":"matchJava","decl":{"start":{"line":76,"column":9},"end":{"line":76,"column":18}},"loc":{"start":{"line":76,"column":30},"end":{"line":91,"column":1}},"line":76}},"branchMap":{"0":{"loc":{"start":{"line":72,"column":2},"end":{"line":72,"column":56}},"type":"if","locations":[{"start":{"line":72,"column":2},"end":{"line":72,"column":56}},{"start":{},"end":{}}],"line":72},"1":{"loc":{"start":{"line":79,"column":4},"end":{"line":88,"column":5}},"type":"if","locations":[{"start":{"line":79,"column":4},"end":{"line":88,"column":5}},{"start":{},"end":{}}],"line":79}},"s":{"0":1,"1":1,"2":1,"3":1,"4":1,"5":1,"6":1,"7":1,"8":1,"9":0,"10":0,"11":0,"12":0,"13":0,"14":0,"15":0,"16":0,"17":1,"18":1,"19":1,"20":1,"21":0,"22":0,"23":0,"24":0,"25":0,"26":0,"27":0,"28":0,"29":0,"30":0,"31":0,"32":0,"33":3,"34":3,"35":0,"36":3,"37":4,"38":16,"39":16,"40":3,"41":1,"42":1},"f":{"0":1,"1":1,"2":1,"3":1,"4":1,"5":1,"6":1,"7":1,"8":0,"9":0,"10":0,"11":0,"12":0,"13":0,"14":0,"15":0,"16":1,"17":1,"18":1,"19":1,"20":0,"21":0,"22":0,"23":0,"24":0,"25":0,"26":0,"27":0,"28":0,"29":0,"30":0,"31":0,"32":3,"33":4},"b":{"0":[0,3],"1":[3,13]},"_coverageSchema":"1a1c01bbd47fc00a2c39e90264f33305004495a9","hash":"4092499e0b0db70e46da3f4c259bb14d5f3b1d7a"}
,"Z:\\StackSense\\src\\engine\\patterns\\node.js": {"path":"Z:\\StackSense\\src\\engine\\patterns\\node.js","statementMap":{"0":{"start":{"line":3,"column":22},"end":{"line":94,"column":1}},"1":{"start":{"line":6,"column":17},"end":{"line":6,"column":56}},"2":{"start":{"line":7,"column":23},"end":{"line":7,"column":39}},"3":{"start":{"line":8,"column":16},"end":{"line":8,"column":72}},"4":{"start":{"line":9,"column":16},"end":{"line":11,"column":34}},"5":{"start":{"line":16,"column":17},"end":{"line":16,"column":54}},"6":{"start":{"line":17,"column":23},"end":{"line":17,"column":39}},"7":{"start":{"line":18,"column":16},"end":{"line":18,"column":92}},"8":{"start":{"line":19,"column":16},"end":{"line":19,"column":75}},"9":{"start":{"line":24,"column":17},"end":{"line":24,"column":76}},"10":{"start":{"line":25,"column":23},"end":{"line":25,"column":39}},"11":{"start":{"line":26,"column":16},"end":{"line":26,"column":87}},"12":{"start":{"line":27,"column":15},"end":{"line":27,"column":96}},"13":{"start":{"line":32,"column":17},"end":{"line":32,"column":60}},"14":{"start":{"line":33,"column":23},"end":{"line":33,"column":39}},"15":{"start":{"line":34,"column":16},"end":{"line":34,"column":69}},"16":{"start":{"line":35,"column":15},"end":{"line":35,"column":87}},"17":{"start":{"line":40,"column":17},"end":{"line":40,"column":51}},"18":{"start":{"line":41,"column":23},"end":{"line":41,"column":39}},"19":{"start":{"line":42,"column":15},"end":{"line":42,"column":94}},"20":{"start":{"line":43,"column":15},"end":{"line":43,"column":91}},"21":{"start":{"line":48,"column":17},"end":{"line":48,"column":48}},"22":{"start":{"line":49,"column":23},"end":{"line":49,"column":39}},"23":{"start":{"line":50,"column":16},"end":{"line":50,"column":73}},"24":{"start":{"line":51,"column":16},"end":{"line":51,"column":69}},"25":{"start":{"line":56,"column":17},"end":{"line":56,"column":72}},"26":{"start":{"line":57,"column":17},"end":{"line":57,"column":33}},"27":{"start":{"line":58,"column":16},"end":{"line":58,"column":68}},"28":{"start":{"line":59,"column":16},"end":{"line":59,"column":74}},"29":{"start":{"line":64,"column":17},"end":{"line":64,"column":61}},"30":{"start":{"line":65,"column":17},"end":{"line":65,"column":30}},"31":{"start":{"line":66,"column":15},"end":{"line":66,"column":84}},"32":{"start":{"line":67,"column":15},"end":{"line":67,"column":75}},"33":{"start":{"line":72,"column":17},"end":{"line":72,"column":66}},"34":{"start":{"line":73,"column":23},"end":{"line":73,"column":39}},"35":{"start":{"line":74,"column":15},"end":{"line":74,"column":96}},"36":{"start":{"line":75,"column":15},"end":{"line":75,"column":87}},"37":{"start":{"line":80,"column":17},"end":{"line":80,"column":53}},"38":{"start":{"line":81,"column":17},"end":{"line":81,"column":22}},"39":{"start":{"line":82,"column":15},"end":{"line":82,"column":76}},"40":{"start":{"line":83,"column":15},"end":{"line":83,"column":93}},"41":{"start":{"line":88,"column":16},"end":{"line":88,"column":76}},"42":{"start":{"line":89,"column":23},"end":{"line":89,"column":39}},"43":{"start":{"line":90,"column":15},"end":{"line":90,"column":71}},"44":{"start":{"line":91,"column":15},"end":{"line":91,"column":63}},"45":{"start":{"line":97,"column":16},"end":{"line":97,"column":52}},"46":{"start":{"line":98,"column":2},"end":{"line":98,"column":51}},"47":{"start":{"line":98,"column":13},"end":{"line":98,"column":51}},"48":{"start":{"line":99,"column":2},"end":{"line":99,"column":39}},"49":{"start":{"line":103,"column":2},"end":{"line":115,"column":3}},"50":{"start":{"line":104,"column":18},"end":{"line":104,"column":48}},"51":{"start":{"line":105,"column":4},"end":{"line":114,"column":5}},"52":{"start":{"line":106,"column":6},"end":{"line":113,"column":8}},"53":{"start":{"line":116,"column":2},"end":{"line":116,"column":14}},"54":{"start":{"line":119,"column":0},"end":{"line":119,"column":31}}},"fnMap":{"0":{"name":"(anonymous_0)","decl":{"start":{"line":6,"column":10},"end":{"line":6,"column":11}},"loc":{"start":{"line":6,"column":17},"end":{"line":6,"column":56}},"line":6},"1":{"name":"(anonymous_1)","decl":{"start":{"line":7,"column":11},"end":{"line":7,"column":12}},"loc":{"start":{"line":7,"column":23},"end":{"line":7,"column":39}},"line":7},"2":{"name":"(anonymous_2)","decl":{"start":{"line":8,"column":9},"end":{"line":8,"column":10}},"loc":{"start":{"line":8,"column":16},"end":{"line":8,"column":72}},"line":8},"3":{"name":"(anonymous_3)","decl":{"start":{"line":9,"column":9},"end":{"line":9,"column":10}},"loc":{"start":{"line":9,"column":16},"end":{"line":11,"column":34}},"line":9},"4":{"name":"(anonymous_4)","decl":{"start":{"line":16,"column":10},"end":{"line":16,"column":11}},"loc":{"start":{"line":16,"column":17},"end":{"line":16,"column":54}},"line":16},"5":{"name":"(anonymous_5)","decl":{"start":{"line":17,"column":11},"end":{"line":17,"column":12}},"loc":{"start":{"line":17,"column":23},"end":{"line":17,"column":39}},"line":17},"6":{"name":"(anonymous_6)","decl":{"start":{"line":18,"column":9},"end":{"line":18,"column":10}},"loc":{"start":{"line":18,"column":16},"end":{"line":18,"column":92}},"line":18},"7":{"name":"(anonymous_7)","decl":{"start":{"line":19,"column":9},"end":{"line":19,"column":10}},"loc":{"start":{"line":19,"column":16},"end":{"line":19,"column":75}},"line":19},"8":{"name":"(anonymous_8)","decl":{"start":{"line":24,"column":10},"end":{"line":24,"column":11}},"loc":{"start":{"line":24,"column":17},"end":{"line":24,"column":76}},"line":24},"9":{"name":"(anonymous_9)","decl":{"start":{"line":25,"column":11},"end":{"line":25,"column":12}},"loc":{"start":{"line":25,"column":23},"end":{"line":25,"column":39}},"line":25},"10":{"name":"(anonymous_10)","decl":{"start":{"line":26,"column":9},"end":{"line":26,"column":10}},"loc":{"start":{"line":26,"column":16},"end":{"line":26,"column":87}},"line":26},"11":{"name":"(anonymous_11)","decl":{"start":{"line":27,"column":9},"end":{"line":27,"column":10}},"loc":{"start":{"line":27,"column":15},"end":{"line":27,"column":96}},"line":27},"12":{"name":"(anonymous_12)","decl":{"start":{"line":32,"column":10},"end":{"line":32,"column":11}},"loc":{"start":{"line":32,"column":17},"end":{"line":32,"column":60}},"line":32},"13":{"name":"(anonymous_13)","decl":{"start":{"line":33,"column":11},"end":{"line":33,"column":12}},"loc":{"start":{"line":33,"column":23},"end":{"line":33,"column":39}},"line":33},"14":{"name":"(anonymous_14)","decl":{"start":{"line":34,"column":9},"end":{"line":34,"column":10}},"loc":{"start":{"line":34,"column":16},"end":{"line":34,"column":69}},"line":34},"15":{"name":"(anonymous_15)","decl":{"start":{"line":35,"column":9},"end":{"line":35,"column":10}},"loc":{"start":{"line":35,"column":15},"end":{"line":35,"column":87}},"line":35},"16":{"name":"(anonymous_16)","decl":{"start":{"line":40,"column":10},"end":{"line":40,"column":11}},"loc":{"start":{"line":40,"column":17},"end":{"line":40,"column":51}},"line":40},"17":{"name":"(anonymous_17)","decl":{"start":{"line":41,"column":11},"end":{"line":41,"column":12}},"loc":{"start":{"line":41,"column":23},"end":{"line":41,"column":39}},"line":41},"18":{"name":"(anonymous_18)","decl":{"start":{"line":42,"column":9},"end":{"line":42,"column":10}},"loc":{"start":{"line":42,"column":15},"end":{"line":42,"column":94}},"line":42},"19":{"name":"(anonymous_19)","decl":{"start":{"line":43,"column":9},"end":{"line":43,"column":10}},"loc":{"start":{"line":43,"column":15},"end":{"line":43,"column":91}},"line":43},"20":{"name":"(anonymous_20)","decl":{"start":{"line":48,"column":10},"end":{"line":48,"column":11}},"loc":{"start":{"line":48,"column":17},"end":{"line":48,"column":48}},"line":48},"21":{"name":"(anonymous_21)","decl":{"start":{"line":49,"column":11},"end":{"line":49,"column":12}},"loc":{"start":{"line":49,"column":23},"end":{"line":49,"column":39}},"line":49},"22":{"name":"(anonymous_22)","decl":{"start":{"line":50,"column":9},"end":{"line":50,"column":10}},"loc":{"start":{"line":50,"column":16},"end":{"line":50,"column":73}},"line":50},"23":{"name":"(anonymous_23)","decl":{"start":{"line":51,"column":9},"end":{"line":51,"column":10}},"loc":{"start":{"line":51,"column":16},"end":{"line":51,"column":69}},"line":51},"24":{"name":"(anonymous_24)","decl":{"start":{"line":56,"column":10},"end":{"line":56,"column":11}},"loc":{"start":{"line":56,"column":17},"end":{"line":56,"column":72}},"line":56},"25":{"name":"(anonymous_25)","decl":{"start":{"line":57,"column":11},"end":{"line":57,"column":12}},"loc":{"start":{"line":57,"column":17},"end":{"line":57,"column":33}},"line":57},"26":{"name":"(anonymous_26)","decl":{"start":{"line":58,"column":9},"end":{"line":58,"column":10}},"loc":{"start":{"line":58,"column":16},"end":{"line":58,"column":68}},"line":58},"27":{"name":"(anonymous_27)","decl":{"start":{"line":59,"column":9},"end":{"line":59,"column":10}},"loc":{"start":{"line":59,"column":16},"end":{"line":59,"column":74}},"line":59},"28":{"name":"(anonymous_28)","decl":{"start":{"line":64,"column":10},"end":{"line":64,"column":11}},"loc":{"start":{"line":64,"column":17},"end":{"line":64,"column":61}},"line":64},"29":{"name":"(anonymous_29)","decl":{"start":{"line":65,"column":11},"end":{"line":65,"column":12}},"loc":{"start":{"line":65,"column":17},"end":{"line":65,"column":30}},"line":65},"30":{"name":"(anonymous_30)","decl":{"start":{"line":66,"column":9},"end":{"line":66,"column":10}},"loc":{"start":{"line":66,"column":15},"end":{"line":66,"column":84}},"line":66},"31":{"name":"(anonymous_31)","decl":{"start":{"line":67,"column":9},"end":{"line":67,"column":10}},"loc":{"start":{"line":67,"column":15},"end":{"line":67,"column":75}},"line":67},"32":{"name":"(anonymous_32)","decl":{"start":{"line":72,"column":10},"end":{"line":72,"column":11}},"loc":{"start":{"line":72,"column":17},"end":{"line":72,"column":66}},"line":72},"33":{"name":"(anonymous_33)","decl":{"start":{"line":73,"column":11},"end":{"line":73,"column":12}},"loc":{"start":{"line":73,"column":23},"end":{"line":73,"column":39}},"line":73},"34":{"name":"(anonymous_34)","decl":{"start":{"line":74,"column":9},"end":{"line":74,"column":10}},"loc":{"start":{"line":74,"column":15},"end":{"line":74,"column":96}},"line":74},"35":{"name":"(anonymous_35)","decl":{"start":{"line":75,"column":9},"end":{"line":75,"column":10}},"loc":{"start":{"line":75,"column":15},"end":{"line":75,"column":87}},"line":75},"36":{"name":"(anonymous_36)","decl":{"start":{"line":80,"column":10},"end":{"line":80,"column":11}},"loc":{"start":{"line":80,"column":17},"end":{"line":80,"column":53}},"line":80},"37":{"name":"(anonymous_37)","decl":{"start":{"line":81,"column":11},"end":{"line":81,"column":12}},"loc":{"start":{"line":81,"column":17},"end":{"line":81,"column":22}},"line":81},"38":{"name":"(anonymous_38)","decl":{"start":{"line":82,"column":9},"end":{"line":82,"column":10}},"loc":{"start":{"line":82,"column":15},"end":{"line":82,"column":76}},"line":82},"39":{"name":"(anonymous_39)","decl":{"start":{"line":83,"column":9},"end":{"line":83,"column":10}},"loc":{"start":{"line":83,"column":15},"end":{"line":83,"column":93}},"line":83},"40":{"name":"(anonymous_40)","decl":{"start":{"line":88,"column":10},"end":{"line":88,"column":11}},"loc":{"start":{"line":88,"column":16},"end":{"line":88,"column":76}},"line":88},"41":{"name":"(anonymous_41)","decl":{"start":{"line":89,"column":11},"end":{"line":89,"column":12}},"loc":{"start":{"line":89,"column":23},"end":{"line":89,"column":39}},"line":89},"42":{"name":"(anonymous_42)","decl":{"start":{"line":90,"column":9},"end":{"line":90,"column":10}},"loc":{"start":{"line":90,"column":15},"end":{"line":90,"column":71}},"line":90},"43":{"name":"(anonymous_43)","decl":{"start":{"line":91,"column":9},"end":{"line":91,"column":10}},"loc":{"start":{"line":91,"column":15},"end":{"line":91,"column":63}},"line":91},"44":{"name":"extractLine","decl":{"start":{"line":96,"column":9},"end":{"line":96,"column":20}},"loc":{"start":{"line":96,"column":26},"end":{"line":100,"column":1}},"line":96},"45":{"name":"matchNode","decl":{"start":{"line":102,"column":9},"end":{"line":102,"column":18}},"loc":{"start":{"line":102,"column":30},"end":{"line":117,"column":1}},"line":102}},"branchMap":{"0":{"loc":{"start":{"line":9,"column":16},"end":{"line":11,"column":34}},"type":"cond-expr","locations":[{"start":{"line":10,"column":8},"end":{"line":10,"column":70}},{"start":{"line":11,"column":8},"end":{"line":11,"column":34}}],"line":9},"1":{"loc":{"start":{"line":98,"column":2},"end":{"line":98,"column":51}},"type":"if","locations":[{"start":{"line":98,"column":2},"end":{"line":98,"column":51}},{"start":{},"end":{}}],"line":98},"2":{"loc":{"start":{"line":105,"column":4},"end":{"line":114,"column":5}},"type":"if","locations":[{"start":{"line":105,"column":4},"end":{"line":114,"column":5}},{"start":{},"end":{}}],"line":105}},"s":{"0":1,"1":1,"2":1,"3":1,"4":1,"5":1,"6":1,"7":1,"8":1,"9":1,"10":1,"11":1,"12":1,"13":0,"14":0,"15":0,"16":0,"17":0,"18":0,"19":0,"20":0,"21":1,"22":1,"23":1,"24":1,"25":1,"26":1,"27":1,"28":1,"29":0,"30":0,"31":0,"32":0,"33":0,"34":0,"35":0,"36":0,"37":0,"38":0,"39":0,"40":0,"41":0,"42":0,"43":0,"44":0,"45":4,"46":4,"47":0,"48":4,"49":6,"50":30,"51":30,"52":5,"53":1,"54":1},"f":{"0":1,"1":1,"2":1,"3":1,"4":1,"5":1,"6":1,"7":1,"8":1,"9":1,"10":1,"11":1,"12":0,"13":0,"14":0,"15":0,"16":0,"17":0,"18":0,"19":0,"20":1,"21":1,"22":1,"23":1,"24":1,"25":1,"26":1,"27":1,"28":0,"29":0,"30":0,"31":0,"32":0,"33":0,"34":0,"35":0,"36":0,"37":0,"38":0,"39":0,"40":0,"41":0,"42":0,"43":0,"44":4,"45":6},"b":{"0":[1,0],"1":[0,4],"2":[5,25]},"_coverageSchema":"1a1c01bbd47fc00a2c39e90264f33305004495a9","hash":"c9e1a768131ee6026c9f3ee422b5b1590ec8debf"}
,"Z:\\StackSense\\src\\engine\\patterns\\python.js": {"path":"Z:\\StackSense\\src\\engine\\patterns\\python.js","statementMap":{"0":{"start":{"line":3,"column":24},"end":{"line":116,"column":1}},"1":{"start":{"line":6,"column":17},"end":{"line":6,"column":58}},"2":{"start":{"line":7,"column":23},"end":{"line":7,"column":39}},"3":{"start":{"line":8,"column":15},"end":{"line":8,"column":72}},"4":{"start":{"line":9,"column":16},"end":{"line":9,"column":42}},"5":{"start":{"line":14,"column":17},"end":{"line":14,"column":57}},"6":{"start":{"line":15,"column":23},"end":{"line":15,"column":39}},"7":{"start":{"line":16,"column":15},"end":{"line":16,"column":100}},"8":{"start":{"line":17,"column":16},"end":{"line":17,"column":116}},"9":{"start":{"line":22,"column":17},"end":{"line":22,"column":46}},"10":{"start":{"line":23,"column":23},"end":{"line":23,"column":39}},"11":{"start":{"line":24,"column":15},"end":{"line":24,"column":119}},"12":{"start":{"line":25,"column":15},"end":{"line":25,"column":91}},"13":{"start":{"line":30,"column":17},"end":{"line":30,"column":64}},"14":{"start":{"line":31,"column":23},"end":{"line":31,"column":39}},"15":{"start":{"line":32,"column":16},"end":{"line":32,"column":100}},"16":{"start":{"line":33,"column":16},"end":{"line":33,"column":91}},"17":{"start":{"line":38,"column":17},"end":{"line":38,"column":75}},"18":{"start":{"line":39,"column":23},"end":{"line":39,"column":39}},"19":{"start":{"line":40,"column":16},"end":{"line":40,"column":66}},"20":{"start":{"line":41,"column":15},"end":{"line":41,"column":86}},"21":{"start":{"line":46,"column":17},"end":{"line":46,"column":62}},"22":{"start":{"line":47,"column":23},"end":{"line":47,"column":39}},"23":{"start":{"line":48,"column":16},"end":{"line":48,"column":74}},"24":{"start":{"line":49,"column":16},"end":{"line":49,"column":84}},"25":{"start":{"line":54,"column":17},"end":{"line":54,"column":69}},"26":{"start":{"line":55,"column":23},"end":{"line":55,"column":39}},"27":{"start":{"line":56,"column":16},"end":{"line":56,"column":95}},"28":{"start":{"line":57,"column":16},"end":{"line":57,"column":101}},"29":{"start":{"line":62,"column":17},"end":{"line":62,"column":65}},"30":{"start":{"line":63,"column":23},"end":{"line":63,"column":39}},"31":{"start":{"line":64,"column":16},"end":{"line":64,"column":91}},"32":{"start":{"line":65,"column":16},"end":{"line":65,"column":110}},"33":{"start":{"line":70,"column":16},"end":{"line":70,"column":70}},"34":{"start":{"line":71,"column":23},"end":{"line":71,"column":39}},"35":{"start":{"line":72,"column":15},"end":{"line":72,"column":66}},"36":{"start":{"line":73,"column":15},"end":{"line":73,"column":84}},"37":{"start":{"line":78,"column":17},"end":{"line":78,"column":42}},"38":{"start":{"line":79,"column":23},"end":{"line":79,"column":39}},"39":{"start":{"line":80,"column":15},"end":{"line":80,"column":93}},"40":{"start":{"line":81,"column":15},"end":{"line":81,"column":82}},"41":{"start":{"line":86,"column":17},"end":{"line":86,"column":48}},"42":{"start":{"line":87,"column":23},"end":{"line":87,"column":39}},"43":{"start":{"line":88,"column":16},"end":{"line":88,"column":63}},"44":{"start":{"line":89,"column":16},"end":{"line":89,"column":110}},"45":{"start":{"line":94,"column":16},"end":{"line":94,"column":60}},"46":{"start":{"line":95,"column":23},"end":{"line":95,"column":39}},"47":{"start":{"line":96,"column":15},"end":{"line":96,"column":61}},"48":{"start":{"line":97,"column":15},"end":{"line":97,"column":99}},"49":{"start":{"line":102,"column":16},"end":{"line":102,"column":60}},"50":{"start":{"line":103,"column":23},"end":{"line":103,"column":39}},"51":{"start":{"line":104,"column":15},"end":{"line":104,"column":90}},"52":{"start":{"line":105,"column":15},"end":{"line":105,"column":114}},"53":{"start":{"line":110,"column":17},"end":{"line":110,"column":41}},"54":{"start":{"line":111,"column":23},"end":{"line":111,"column":39}},"55":{"start":{"line":112,"column":15},"end":{"line":112,"column":72}},"56":{"start":{"line":113,"column":15},"end":{"line":113,"column":105}},"57":{"start":{"line":120,"column":16},"end":{"line":120,"column":52}},"58":{"start":{"line":121,"column":2},"end":{"line":121,"column":51}},"59":{"start":{"line":121,"column":13},"end":{"line":121,"column":51}},"60":{"start":{"line":122,"column":2},"end":{"line":122,"column":37}},"61":{"start":{"line":126,"column":2},"end":{"line":138,"column":3}},"62":{"start":{"line":127,"column":18},"end":{"line":127,"column":48}},"63":{"start":{"line":128,"column":4},"end":{"line":137,"column":5}},"64":{"start":{"line":129,"column":6},"end":{"line":136,"column":8}},"65":{"start":{"line":139,"column":2},"end":{"line":139,"column":14}},"66":{"start":{"line":142,"column":0},"end":{"line":142,"column":33}}},"fnMap":{"0":{"name":"(anonymous_0)","decl":{"start":{"line":6,"column":10},"end":{"line":6,"column":11}},"loc":{"start":{"line":6,"column":17},"end":{"line":6,"column":58}},"line":6},"1":{"name":"(anonymous_1)","decl":{"start":{"line":7,"column":11},"end":{"line":7,"column":12}},"loc":{"start":{"line":7,"column":23},"end":{"line":7,"column":39}},"line":7},"2":{"name":"(anonymous_2)","decl":{"start":{"line":8,"column":9},"end":{"line":8,"column":10}},"loc":{"start":{"line":8,"column":15},"end":{"line":8,"column":72}},"line":8},"3":{"name":"(anonymous_3)","decl":{"start":{"line":9,"column":9},"end":{"line":9,"column":10}},"loc":{"start":{"line":9,"column":16},"end":{"line":9,"column":42}},"line":9},"4":{"name":"(anonymous_4)","decl":{"start":{"line":14,"column":10},"end":{"line":14,"column":11}},"loc":{"start":{"line":14,"column":17},"end":{"line":14,"column":57}},"line":14},"5":{"name":"(anonymous_5)","decl":{"start":{"line":15,"column":11},"end":{"line":15,"column":12}},"loc":{"start":{"line":15,"column":23},"end":{"line":15,"column":39}},"line":15},"6":{"name":"(anonymous_6)","decl":{"start":{"line":16,"column":9},"end":{"line":16,"column":10}},"loc":{"start":{"line":16,"column":15},"end":{"line":16,"column":100}},"line":16},"7":{"name":"(anonymous_7)","decl":{"start":{"line":17,"column":9},"end":{"line":17,"column":10}},"loc":{"start":{"line":17,"column":16},"end":{"line":17,"column":116}},"line":17},"8":{"name":"(anonymous_8)","decl":{"start":{"line":22,"column":10},"end":{"line":22,"column":11}},"loc":{"start":{"line":22,"column":17},"end":{"line":22,"column":46}},"line":22},"9":{"name":"(anonymous_9)","decl":{"start":{"line":23,"column":11},"end":{"line":23,"column":12}},"loc":{"start":{"line":23,"column":23},"end":{"line":23,"column":39}},"line":23},"10":{"name":"(anonymous_10)","decl":{"start":{"line":24,"column":9},"end":{"line":24,"column":10}},"loc":{"start":{"line":24,"column":15},"end":{"line":24,"column":119}},"line":24},"11":{"name":"(anonymous_11)","decl":{"start":{"line":25,"column":9},"end":{"line":25,"column":10}},"loc":{"start":{"line":25,"column":15},"end":{"line":25,"column":91}},"line":25},"12":{"name":"(anonymous_12)","decl":{"start":{"line":30,"column":10},"end":{"line":30,"column":11}},"loc":{"start":{"line":30,"column":17},"end":{"line":30,"column":64}},"line":30},"13":{"name":"(anonymous_13)","decl":{"start":{"line":31,"column":11},"end":{"line":31,"column":12}},"loc":{"start":{"line":31,"column":23},"end":{"line":31,"column":39}},"line":31},"14":{"name":"(anonymous_14)","decl":{"start":{"line":32,"column":9},"end":{"line":32,"column":10}},"loc":{"start":{"line":32,"column":16},"end":{"line":32,"column":100}},"line":32},"15":{"name":"(anonymous_15)","decl":{"start":{"line":33,"column":9},"end":{"line":33,"column":10}},"loc":{"start":{"line":33,"column":16},"end":{"line":33,"column":91}},"line":33},"16":{"name":"(anonymous_16)","decl":{"start":{"line":38,"column":10},"end":{"line":38,"column":11}},"loc":{"start":{"line":38,"column":17},"end":{"line":38,"column":75}},"line":38},"17":{"name":"(anonymous_17)","decl":{"start":{"line":39,"column":11},"end":{"line":39,"column":12}},"loc":{"start":{"line":39,"column":23},"end":{"line":39,"column":39}},"line":39},"18":{"name":"(anonymous_18)","decl":{"start":{"line":40,"column":9},"end":{"line":40,"column":10}},"loc":{"start":{"line":40,"column":16},"end":{"line":40,"column":66}},"line":40},"19":{"name":"(anonymous_19)","decl":{"start":{"line":41,"column":9},"end":{"line":41,"column":10}},"loc":{"start":{"line":41,"column":15},"end":{"line":41,"column":86}},"line":41},"20":{"name":"(anonymous_20)","decl":{"start":{"line":46,"column":10},"end":{"line":46,"column":11}},"loc":{"start":{"line":46,"column":17},"end":{"line":46,"column":62}},"line":46},"21":{"name":"(anonymous_21)","decl":{"start":{"line":47,"column":11},"end":{"line":47,"column":12}},"loc":{"start":{"line":47,"column":23},"end":{"line":47,"column":39}},"line":47},"22":{"name":"(anonymous_22)","decl":{"start":{"line":48,"column":9},"end":{"line":48,"column":10}},"loc":{"start":{"line":48,"column":16},"end":{"line":48,"column":74}},"line":48},"23":{"name":"(anonymous_23)","decl":{"start":{"line":49,"column":9},"end":{"line":49,"column":10}},"loc":{"start":{"line":49,"column":16},"end":{"line":49,"column":84}},"line":49},"24":{"name":"(anonymous_24)","decl":{"start":{"line":54,"column":10},"end":{"line":54,"column":11}},"loc":{"start":{"line":54,"column":17},"end":{"line":54,"column":69}},"line":54},"25":{"name":"(anonymous_25)","decl":{"start":{"line":55,"column":11},"end":{"line":55,"column":12}},"loc":{"start":{"line":55,"column":23},"end":{"line":55,"column":39}},"line":55},"26":{"name":"(anonymous_26)","decl":{"start":{"line":56,"column":9},"end":{"line":56,"column":10}},"loc":{"start":{"line":56,"column":16},"end":{"line":56,"column":95}},"line":56},"27":{"name":"(anonymous_27)","decl":{"start":{"line":57,"column":9},"end":{"line":57,"column":10}},"loc":{"start":{"line":57,"column":16},"end":{"line":57,"column":101}},"line":57},"28":{"name":"(anonymous_28)","decl":{"start":{"line":62,"column":10},"end":{"line":62,"column":11}},"loc":{"start":{"line":62,"column":17},"end":{"line":62,"column":65}},"line":62},"29":{"name":"(anonymous_29)","decl":{"start":{"line":63,"column":11},"end":{"line":63,"column":12}},"loc":{"start":{"line":63,"column":23},"end":{"line":63,"column":39}},"line":63},"30":{"name":"(anonymous_30)","decl":{"start":{"line":64,"column":9},"end":{"line":64,"column":10}},"loc":{"start":{"line":64,"column":16},"end":{"line":64,"column":91}},"line":64},"31":{"name":"(anonymous_31)","decl":{"start":{"line":65,"column":9},"end":{"line":65,"column":10}},"loc":{"start":{"line":65,"column":16},"end":{"line":65,"column":110}},"line":65},"32":{"name":"(anonymous_32)","decl":{"start":{"line":70,"column":10},"end":{"line":70,"column":11}},"loc":{"start":{"line":70,"column":16},"end":{"line":70,"column":70}},"line":70},"33":{"name":"(anonymous_33)","decl":{"start":{"line":71,"column":11},"end":{"line":71,"column":12}},"loc":{"start":{"line":71,"column":23},"end":{"line":71,"column":39}},"line":71},"34":{"name":"(anonymous_34)","decl":{"start":{"line":72,"column":9},"end":{"line":72,"column":10}},"loc":{"start":{"line":72,"column":15},"end":{"line":72,"column":66}},"line":72},"35":{"name":"(anonymous_35)","decl":{"start":{"line":73,"column":9},"end":{"line":73,"column":10}},"loc":{"start":{"line":73,"column":15},"end":{"line":73,"column":84}},"line":73},"36":{"name":"(anonymous_36)","decl":{"start":{"line":78,"column":10},"end":{"line":78,"column":11}},"loc":{"start":{"line":78,"column":17},"end":{"line":78,"column":42}},"line":78},"37":{"name":"(anonymous_37)","decl":{"start":{"line":79,"column":11},"end":{"line":79,"column":12}},"loc":{"start":{"line":79,"column":23},"end":{"line":79,"column":39}},"line":79},"38":{"name":"(anonymous_38)","decl":{"start":{"line":80,"column":9},"end":{"line":80,"column":10}},"loc":{"start":{"line":80,"column":15},"end":{"line":80,"column":93}},"line":80},"39":{"name":"(anonymous_39)","decl":{"start":{"line":81,"column":9},"end":{"line":81,"column":10}},"loc":{"start":{"line":81,"column":15},"end":{"line":81,"column":82}},"line":81},"40":{"name":"(anonymous_40)","decl":{"start":{"line":86,"column":10},"end":{"line":86,"column":11}},"loc":{"start":{"line":86,"column":17},"end":{"line":86,"column":48}},"line":86},"41":{"name":"(anonymous_41)","decl":{"start":{"line":87,"column":11},"end":{"line":87,"column":12}},"loc":{"start":{"line":87,"column":23},"end":{"line":87,"column":39}},"line":87},"42":{"name":"(anonymous_42)","decl":{"start":{"line":88,"column":9},"end":{"line":88,"column":10}},"loc":{"start":{"line":88,"column":16},"end":{"line":88,"column":63}},"line":88},"43":{"name":"(anonymous_43)","decl":{"start":{"line":89,"column":9},"end":{"line":89,"column":10}},"loc":{"start":{"line":89,"column":16},"end":{"line":89,"column":110}},"line":89},"44":{"name":"(anonymous_44)","decl":{"start":{"line":94,"column":10},"end":{"line":94,"column":11}},"loc":{"start":{"line":94,"column":16},"end":{"line":94,"column":60}},"line":94},"45":{"name":"(anonymous_45)","decl":{"start":{"line":95,"column":11},"end":{"line":95,"column":12}},"loc":{"start":{"line":95,"column":23},"end":{"line":95,"column":39}},"line":95},"46":{"name":"(anonymous_46)","decl":{"start":{"line":96,"column":9},"end":{"line":96,"column":10}},"loc":{"start":{"line":96,"column":15},"end":{"line":96,"column":61}},"line":96},"47":{"name":"(anonymous_47)","decl":{"start":{"line":97,"column":9},"end":{"line":97,"column":10}},"loc":{"start":{"line":97,"column":15},"end":{"line":97,"column":99}},"line":97},"48":{"name":"(anonymous_48)","decl":{"start":{"line":102,"column":10},"end":{"line":102,"column":11}},"loc":{"start":{"line":102,"column":16},"end":{"line":102,"column":60}},"line":102},"49":{"name":"(anonymous_49)","decl":{"start":{"line":103,"column":11},"end":{"line":103,"column":12}},"loc":{"start":{"line":103,"column":23},"end":{"line":103,"column":39}},"line":103},"50":{"name":"(anonymous_50)","decl":{"start":{"line":104,"column":9},"end":{"line":104,"column":10}},"loc":{"start":{"line":104,"column":15},"end":{"line":104,"column":90}},"line":104},"51":{"name":"(anonymous_51)","decl":{"start":{"line":105,"column":9},"end":{"line":105,"column":10}},"loc":{"start":{"line":105,"column":15},"end":{"line":105,"column":114}},"line":105},"52":{"name":"(anonymous_52)","decl":{"start":{"line":110,"column":10},"end":{"line":110,"column":11}},"loc":{"start":{"line":110,"column":17},"end":{"line":110,"column":41}},"line":110},"53":{"name":"(anonymous_53)","decl":{"start":{"line":111,"column":11},"end":{"line":111,"column":12}},"loc":{"start":{"line":111,"column":23},"end":{"line":111,"column":39}},"line":111},"54":{"name":"(anonymous_54)","decl":{"start":{"line":112,"column":9},"end":{"line":112,"column":10}},"loc":{"start":{"line":112,"column":15},"end":{"line":112,"column":72}},"line":112},"55":{"name":"(anonymous_55)","decl":{"start":{"line":113,"column":9},"end":{"line":113,"column":10}},"loc":{"start":{"line":113,"column":15},"end":{"line":113,"column":105}},"line":113},"56":{"name":"extractLine","decl":{"start":{"line":119,"column":9},"end":{"line":119,"column":20}},"loc":{"start":{"line":119,"column":26},"end":{"line":123,"column":1}},"line":119},"57":{"name":"matchPython","decl":{"start":{"line":125,"column":9},"end":{"line":125,"column":20}},"loc":{"start":{"line":125,"column":32},"end":{"line":140,"column":1}},"line":125}},"branchMap":{"0":{"loc":{"start":{"line":121,"column":2},"end":{"line":121,"column":51}},"type":"if","locations":[{"start":{"line":121,"column":2},"end":{"line":121,"column":51}},{"start":{},"end":{}}],"line":121},"1":{"loc":{"start":{"line":128,"column":4},"end":{"line":137,"column":5}},"type":"if","locations":[{"start":{"line":128,"column":4},"end":{"line":137,"column":5}},{"start":{},"end":{}}],"line":128}},"s":{"0":1,"1":1,"2":1,"3":1,"4":1,"5":0,"6":0,"7":0,"8":0,"9":0,"10":0,"11":0,"12":0,"13":1,"14":1,"15":1,"16":1,"17":0,"18":0,"19":0,"20":0,"21":0,"22":0,"23":0,"24":0,"25":0,"26":0,"27":0,"28":0,"29":1,"30":1,"31":1,"32":1,"33":1,"34":1,"35":1,"36":1,"37":0,"38":0,"39":0,"40":0,"41":1,"42":1,"43":1,"44":1,"45":1,"46":1,"47":1,"48":1,"49":0,"50":0,"51":0,"52":0,"53":0,"54":0,"55":0,"56":0,"57":6,"58":6,"59":0,"60":6,"61":7,"62":59,"63":59,"64":6,"65":1,"66":1},"f":{"0":1,"1":1,"2":1,"3":1,"4":0,"5":0,"6":0,"7":0,"8":0,"9":0,"10":0,"11":0,"12":1,"13":1,"14":1,"15":1,"16":0,"17":0,"18":0,"19":0,"20":0,"21":0,"22":0,"23":0,"24":0,"25":0,"26":0,"27":0,"28":1,"29":1,"30":1,"31":1,"32":1,"33":1,"34":1,"35":1,"36":0,"37":0,"38":0,"39":0,"40":1,"41":1,"42":1,"43":1,"44":1,"45":1,"46":1,"47":1,"48":0,"49":0,"50":0,"51":0,"52":0,"53":0,"54":0,"55":0,"56":6,"57":7},"b":{"0":[0,6],"1":[6,53]},"_coverageSchema":"1a1c01bbd47fc00a2c39e90264f33305004495a9","hash":"0fa0af7a5e008dfdb73eb75ff74db1df315e2abc"}
}
