TN:
SF:src\engine\detector.js
FN:76,detectLanguage
FN:91,(anonymous_1)
FN:92,(anonymous_2)
FNF:3
FNH:3
FNDA:5,detectLanguage
FNDA:30,(anonymous_1)
FNDA:25,(anonymous_2)
DA:3,1
DA:77,5
DA:79,5
DA:80,25
DA:82,25
DA:83,225
DA:84,10
DA:90,5
DA:91,30
DA:92,25
DA:95,5
DA:97,4
DA:100,1
LF:13
LH:13
BRDA:83,0,0,10
BRDA:83,0,1,215
BRDA:95,1,0,1
BRDA:95,1,1,4
BRF:4
BRH:4
end_of_record
TN:
SF:src\engine\patterns\git.js
FN:6,(anonymous_0)
FN:7,(anonymous_1)
FN:8,(anonymous_2)
FN:9,(anonymous_3)
FN:14,(anonymous_4)
FN:15,(anonymous_5)
FN:16,(anonymous_6)
FN:17,(anonymous_7)
FN:22,(anonymous_8)
FN:23,(anonymous_9)
FN:24,(anonymous_10)
FN:25,(anonymous_11)
FN:30,(anonymous_12)
FN:31,(anonymous_13)
FN:32,(anonymous_14)
FN:33,(anonymous_15)
FN:38,(anonymous_16)
FN:39,(anonymous_17)
FN:40,(anonymous_18)
FN:41,(anonymous_19)
FN:46,(anonymous_20)
FN:47,(anonymous_21)
FN:48,(anonymous_22)
FN:49,(anonymous_23)
FN:54,(anonymous_24)
FN:55,(anonymous_25)
FN:56,(anonymous_26)
FN:57,(anonymous_27)
FN:62,matchGit
FNF:29
FNH:17
FNDA:1,(anonymous_0)
FNDA:1,(anonymous_1)
FNDA:1,(anonymous_2)
FNDA:1,(anonymous_3)
FNDA:1,(anonymous_4)
FNDA:1,(anonymous_5)
FNDA:1,(anonymous_6)
FNDA:1,(anonymous_7)
FNDA:0,(anonymous_8)
FNDA:0,(anonymous_9)
FNDA:0,(anonymous_10)
FNDA:0,(anonymous_11)
FNDA:0,(anonymous_12)
FNDA:0,(anonymous_13)
FNDA:0,(anonymous_14)
FNDA:0,(anonymous_15)
FNDA:1,(anonymous_16)
FNDA:1,(anonymous_17)
FNDA:1,(anonymous_18)
FNDA:1,(anonymous_19)
FNDA:1,(anonymous_20)
FNDA:1,(anonymous_21)
FNDA:1,(anonymous_22)
FNDA:1,(anonymous_23)
FNDA:0,(anonymous_24)
FNDA:0,(anonymous_25)
FNDA:0,(anonymous_26)
FNDA:0,(anonymous_27)
FNDA:4,matchGit
DA:3,1
DA:6,1
DA:7,1
DA:8,1
DA:9,1
DA:14,1
DA:15,1
DA:16,1
DA:17,1
DA:22,0
DA:23,0
DA:24,0
DA:25,0
DA:30,0
DA:31,0
DA:32,0
DA:33,0
DA:38,1
DA:39,1
DA:40,1
DA:41,1
DA:46,1
DA:47,1
DA:48,1
DA:49,1
DA:54,0
DA:55,0
DA:56,0
DA:57,0
DA:63,4
DA:64,14
DA:65,14
DA:66,4
DA:76,0
DA:79,1
LF:35
LH:22
BRDA:65,0,0,4
BRDA:65,0,1,10
BRF:2
BRH:2
end_of_record
TN:
SF:src\engine\patterns\java.js
FN:6,(anonymous_0)
FN:7,(anonymous_1)
FN:8,(anonymous_2)
FN:9,(anonymous_3)
FN:14,(anonymous_4)
FN:15,(anonymous_5)
FN:16,(anonymous_6)
FN:17,(anonymous_7)
FN:22,(anonymous_8)
FN:23,(anonymous_9)
FN:24,(anonymous_10)
FN:25,(anonymous_11)
FN:30,(anonymous_12)
FN:31,(anonymous_13)
FN:32,(anonymous_14)
FN:33,(anonymous_15)
FN:38,(anonymous_16)
FN:39,(anonymous_17)
FN:40,(anonymous_18)
FN:41,(anonymous_19)
FN:46,(anonymous_20)
FN:47,(anonymous_21)
FN:48,(anonymous_22)
FN:49,(anonymous_23)
FN:54,(anonymous_24)
FN:55,(anonymous_25)
FN:56,(anonymous_26)
FN:57,(anonymous_27)
FN:62,(anonymous_28)
FN:63,(anonymous_29)
FN:64,(anonymous_30)
FN:65,(anonymous_31)
FN:70,extractLine
FN:76,matchJava
FNF:34
FNH:14
FNDA:1,(anonymous_0)
FNDA:1,(anonymous_1)
FNDA:1,(anonymous_2)
FNDA:1,(anonymous_3)
FNDA:1,(anonymous_4)
FNDA:1,(anonymous_5)
FNDA:1,(anonymous_6)
FNDA:1,(anonymous_7)
FNDA:0,(anonymous_8)
FNDA:0,(anonymous_9)
FNDA:0,(anonymous_10)
FNDA:0,(anonymous_11)
FNDA:0,(anonymous_12)
FNDA:0,(anonymous_13)
FNDA:0,(anonymous_14)
FNDA:0,(anonymous_15)
FNDA:1,(anonymous_16)
FNDA:1,(anonymous_17)
FNDA:1,(anonymous_18)
FNDA:1,(anonymous_19)
FNDA:0,(anonymous_20)
FNDA:0,(anonymous_21)
FNDA:0,(anonymous_22)
FNDA:0,(anonymous_23)
FNDA:0,(anonymous_24)
FNDA:0,(anonymous_25)
FNDA:0,(anonymous_26)
FNDA:0,(anonymous_27)
FNDA:0,(anonymous_28)
FNDA:0,(anonymous_29)
FNDA:0,(anonymous_30)
FNDA:0,(anonymous_31)
FNDA:3,extractLine
FNDA:4,matchJava
DA:3,1
DA:6,1
DA:7,1
DA:8,1
DA:9,1
DA:14,1
DA:15,1
DA:16,1
DA:17,1
DA:22,0
DA:23,0
DA:24,0
DA:25,0
DA:30,0
DA:31,0
DA:32,0
DA:33,0
DA:38,1
DA:39,1
DA:40,1
DA:41,1
DA:46,0
DA:47,0
DA:48,0
DA:49,0
DA:54,0
DA:55,0
DA:56,0
DA:57,0
DA:62,0
DA:63,0
DA:64,0
DA:65,0
DA:71,3
DA:72,3
DA:73,3
DA:77,4
DA:78,16
DA:79,16
DA:80,3
DA:90,1
DA:93,1
LF:42
LH:22
BRDA:72,0,0,0
BRDA:72,0,1,3
BRDA:79,1,0,3
BRDA:79,1,1,13
BRF:4
BRH:3
end_of_record
TN:
SF:src\engine\patterns\node.js
FN:6,(anonymous_0)
FN:7,(anonymous_1)
FN:8,(anonymous_2)
FN:9,(anonymous_3)
FN:16,(anonymous_4)
FN:17,(anonymous_5)
FN:18,(anonymous_6)
FN:19,(anonymous_7)
FN:24,(anonymous_8)
FN:25,(anonymous_9)
FN:26,(anonymous_10)
FN:27,(anonymous_11)
FN:32,(anonymous_12)
FN:33,(anonymous_13)
FN:34,(anonymous_14)
FN:35,(anonymous_15)
FN:40,(anonymous_16)
FN:41,(anonymous_17)
FN:42,(anonymous_18)
FN:43,(anonymous_19)
FN:48,(anonymous_20)
FN:49,(anonymous_21)
FN:50,(anonymous_22)
FN:51,(anonymous_23)
FN:56,(anonymous_24)
FN:57,(anonymous_25)
FN:58,(anonymous_26)
FN:59,(anonymous_27)
FN:64,(anonymous_28)
FN:65,(anonymous_29)
FN:66,(anonymous_30)
FN:67,(anonymous_31)
FN:72,(anonymous_32)
FN:73,(anonymous_33)
FN:74,(anonymous_34)
FN:75,(anonymous_35)
FN:80,(anonymous_36)
FN:81,(anonymous_37)
FN:82,(anonymous_38)
FN:83,(anonymous_39)
FN:88,(anonymous_40)
FN:89,(anonymous_41)
FN:90,(anonymous_42)
FN:91,(anonymous_43)
FN:96,extractLine
FN:102,matchNode
FNF:46
FNH:22
FNDA:1,(anonymous_0)
FNDA:1,(anonymous_1)
FNDA:1,(anonymous_2)
FNDA:1,(anonymous_3)
FNDA:1,(anonymous_4)
FNDA:1,(anonymous_5)
FNDA:1,(anonymous_6)
FNDA:1,(anonymous_7)
FNDA:1,(anonymous_8)
FNDA:1,(anonymous_9)
FNDA:1,(anonymous_10)
FNDA:1,(anonymous_11)
FNDA:0,(anonymous_12)
FNDA:0,(anonymous_13)
FNDA:0,(anonymous_14)
FNDA:0,(anonymous_15)
FNDA:0,(anonymous_16)
FNDA:0,(anonymous_17)
FNDA:0,(anonymous_18)
FNDA:0,(anonymous_19)
FNDA:1,(anonymous_20)
FNDA:1,(anonymous_21)
FNDA:1,(anonymous_22)
FNDA:1,(anonymous_23)
FNDA:1,(anonymous_24)
FNDA:1,(anonymous_25)
FNDA:1,(anonymous_26)
FNDA:1,(anonymous_27)
FNDA:0,(anonymous_28)
FNDA:0,(anonymous_29)
FNDA:0,(anonymous_30)
FNDA:0,(anonymous_31)
FNDA:0,(anonymous_32)
FNDA:0,(anonymous_33)
FNDA:0,(anonymous_34)
FNDA:0,(anonymous_35)
FNDA:0,(anonymous_36)
FNDA:0,(anonymous_37)
FNDA:0,(anonymous_38)
FNDA:0,(anonymous_39)
FNDA:0,(anonymous_40)
FNDA:0,(anonymous_41)
FNDA:0,(anonymous_42)
FNDA:0,(anonymous_43)
FNDA:4,extractLine
FNDA:6,matchNode
DA:3,1
DA:6,1
DA:7,1
DA:8,1
DA:9,1
DA:16,1
DA:17,1
DA:18,1
DA:19,1
DA:24,1
DA:25,1
DA:26,1
DA:27,1
DA:32,0
DA:33,0
DA:34,0
DA:35,0
DA:40,0
DA:41,0
DA:42,0
DA:43,0
DA:48,1
DA:49,1
DA:50,1
DA:51,1
DA:56,1
DA:57,1
DA:58,1
DA:59,1
DA:64,0
DA:65,0
DA:66,0
DA:67,0
DA:72,0
DA:73,0
DA:74,0
DA:75,0
DA:80,0
DA:81,0
DA:82,0
DA:83,0
DA:88,0
DA:89,0
DA:90,0
DA:91,0
DA:97,4
DA:98,4
DA:99,4
DA:103,6
DA:104,30
DA:105,30
DA:106,5
DA:116,1
DA:119,1
LF:54
LH:30
BRDA:9,0,0,1
BRDA:9,0,1,0
BRDA:98,1,0,0
BRDA:98,1,1,4
BRDA:105,2,0,5
BRDA:105,2,1,25
BRF:6
BRH:4
end_of_record
TN:
SF:src\engine\patterns\python.js
FN:6,(anonymous_0)
FN:7,(anonymous_1)
FN:8,(anonymous_2)
FN:9,(anonymous_3)
FN:14,(anonymous_4)
FN:15,(anonymous_5)
FN:16,(anonymous_6)
FN:17,(anonymous_7)
FN:22,(anonymous_8)
FN:23,(anonymous_9)
FN:24,(anonymous_10)
FN:25,(anonymous_11)
FN:30,(anonymous_12)
FN:31,(anonymous_13)
FN:32,(anonymous_14)
FN:33,(anonymous_15)
FN:38,(anonymous_16)
FN:39,(anonymous_17)
FN:40,(anonymous_18)
FN:41,(anonymous_19)
FN:46,(anonymous_20)
FN:47,(anonymous_21)
FN:48,(anonymous_22)
FN:49,(anonymous_23)
FN:54,(anonymous_24)
FN:55,(anonymous_25)
FN:56,(anonymous_26)
FN:57,(anonymous_27)
FN:62,(anonymous_28)
FN:63,(anonymous_29)
FN:64,(anonymous_30)
FN:65,(anonymous_31)
FN:70,(anonymous_32)
FN:71,(anonymous_33)
FN:72,(anonymous_34)
FN:73,(anonymous_35)
FN:78,(anonymous_36)
FN:79,(anonymous_37)
FN:80,(anonymous_38)
FN:81,(anonymous_39)
FN:86,(anonymous_40)
FN:87,(anonymous_41)
FN:88,(anonymous_42)
FN:89,(anonymous_43)
FN:94,(anonymous_44)
FN:95,(anonymous_45)
FN:96,(anonymous_46)
FN:97,(anonymous_47)
FN:102,(anonymous_48)
FN:103,(anonymous_49)
FN:104,(anonymous_50)
FN:105,(anonymous_51)
FN:110,(anonymous_52)
FN:111,(anonymous_53)
FN:112,(anonymous_54)
FN:113,(anonymous_55)
FN:119,extractLine
FN:125,matchPython
FNF:58
FNH:26
FNDA:1,(anonymous_0)
FNDA:1,(anonymous_1)
FNDA:1,(anonymous_2)
FNDA:1,(anonymous_3)
FNDA:0,(anonymous_4)
FNDA:0,(anonymous_5)
FNDA:0,(anonymous_6)
FNDA:0,(anonymous_7)
FNDA:0,(anonymous_8)
FNDA:0,(anonymous_9)
FNDA:0,(anonymous_10)
FNDA:0,(anonymous_11)
FNDA:1,(anonymous_12)
FNDA:1,(anonymous_13)
FNDA:1,(anonymous_14)
FNDA:1,(anonymous_15)
FNDA:0,(anonymous_16)
FNDA:0,(anonymous_17)
FNDA:0,(anonymous_18)
FNDA:0,(anonymous_19)
FNDA:0,(anonymous_20)
FNDA:0,(anonymous_21)
FNDA:0,(anonymous_22)
FNDA:0,(anonymous_23)
FNDA:0,(anonymous_24)
FNDA:0,(anonymous_25)
FNDA:0,(anonymous_26)
FNDA:0,(anonymous_27)
FNDA:1,(anonymous_28)
FNDA:1,(anonymous_29)
FNDA:1,(anonymous_30)
FNDA:1,(anonymous_31)
FNDA:1,(anonymous_32)
FNDA:1,(anonymous_33)
FNDA:1,(anonymous_34)
FNDA:1,(anonymous_35)
FNDA:0,(anonymous_36)
FNDA:0,(anonymous_37)
FNDA:0,(anonymous_38)
FNDA:0,(anonymous_39)
FNDA:1,(anonymous_40)
FNDA:1,(anonymous_41)
FNDA:1,(anonymous_42)
FNDA:1,(anonymous_43)
FNDA:1,(anonymous_44)
FNDA:1,(anonymous_45)
FNDA:1,(anonymous_46)
FNDA:1,(anonymous_47)
FNDA:0,(anonymous_48)
FNDA:0,(anonymous_49)
FNDA:0,(anonymous_50)
FNDA:0,(anonymous_51)
FNDA:0,(anonymous_52)
FNDA:0,(anonymous_53)
FNDA:0,(anonymous_54)
FNDA:0,(anonymous_55)
FNDA:6,extractLine
FNDA:7,matchPython
DA:3,1
DA:6,1
DA:7,1
DA:8,1
DA:9,1
DA:14,0
DA:15,0
DA:16,0
DA:17,0
DA:22,0
DA:23,0
DA:24,0
DA:25,0
DA:30,1
DA:31,1
DA:32,1
DA:33,1
DA:38,0
DA:39,0
DA:40,0
DA:41,0
DA:46,0
DA:47,0
DA:48,0
DA:49,0
DA:54,0
DA:55,0
DA:56,0
DA:57,0
DA:62,1
DA:63,1
DA:64,1
DA:65,1
DA:70,1
DA:71,1
DA:72,1
DA:73,1
DA:78,0
DA:79,0
DA:80,0
DA:81,0
DA:86,1
DA:87,1
DA:88,1
DA:89,1
DA:94,1
DA:95,1
DA:96,1
DA:97,1
DA:102,0
DA:103,0
DA:104,0
DA:105,0
DA:110,0
DA:111,0
DA:112,0
DA:113,0
DA:120,6
DA:121,6
DA:122,6
DA:126,7
DA:127,59
DA:128,59
DA:129,6
DA:139,1
DA:142,1
LF:66
LH:34
BRDA:121,0,0,0
BRDA:121,0,1,6
BRDA:128,1,0,6
BRDA:128,1,1,53
BRF:4
BRH:3
end_of_record
